<?xml version="1.0" encoding="UTF-8"?>
<testng-results ignored="0" total="3" passed="3" failed="0" skipped="0">
  <reporter-output>
  </reporter-output>
  <suite started-at="2024-10-24T10:47:22 CEST" name="Regression Test Suite" finished-at="2024-10-24T10:47:59 CEST" duration-ms="37080">
    <groups>
    </groups>
    <test started-at="2024-10-24T10:47:22 CEST" name="Regression Test" finished-at="2024-10-24T10:47:59 CEST" duration-ms="37080">
      <class name="mercuryTravel.tests.MercuryTravelTestCases">
        <test-method is-config="true" signature="preSetup()[pri:0, instance:mercuryTravel.tests.MercuryTravelTestCases@7ec7ffd3]" started-at="2024-10-24T10:47:22 CEST" name="preSetup" finished-at="2024-10-24T10:47:22 CEST" duration-ms="108" status="PASS">
          <reporter-output>
          </reporter-output>
        </test-method> <!-- preSetup -->
        <test-method is-config="true" signature="setup()[pri:0, instance:mercuryTravel.tests.MercuryTravelTestCases@7ec7ffd3]" started-at="2024-10-24T10:47:22 CEST" name="setup" finished-at="2024-10-24T10:47:25 CEST" duration-ms="2922" status="PASS">
          <reporter-output>
          </reporter-output>
        </test-method> <!-- setup -->
        <test-method signature="verifyLoginWithCorrectCredentials()[pri:0, instance:mercuryTravel.tests.MercuryTravelTestCases@7ec7ffd3]" started-at="2024-10-24T10:47:25 CEST" name="verifyLoginWithCorrectCredentials" finished-at="2024-10-24T10:47:37 CEST" duration-ms="11705" status="PASS">
          <reporter-output>
          </reporter-output>
        </test-method> <!-- verifyLoginWithCorrectCredentials -->
        <test-method is-config="true" signature="afterMethod(org.testng.ITestResult)[pri:0, instance:mercuryTravel.tests.MercuryTravelTestCases@7ec7ffd3]" started-at="2024-10-24T10:47:37 CEST" name="afterMethod" finished-at="2024-10-24T10:47:37 CEST" duration-ms="3" status="PASS">
          <params>
            <param index="0">
              <value>
                <![CDATA[[TestResult name=verifyLoginWithCorrectCredentials status=SUCCESS method=MercuryTravelTestCases.verifyLoginWithCorrectCredentials()[pri:0, instance:mercuryTravel.tests.MercuryTravelTestCases@7ec7ffd3] output={null}]]]>
              </value>
            </param>
          </params>
          <reporter-output>
          </reporter-output>
        </test-method> <!-- afterMethod -->
        <test-method signature="verifyLoginWithCorrectCredentials(java.lang.String,java.lang.String,java.lang.String)[pri:0, instance:mercuryTravel.tests.MercuryTravelTestCases@7ec7ffd3]" started-at="2024-10-24T10:47:38 CEST" name="verifyLoginWithCorrectCredentials" data-provider="getUserData" finished-at="2024-10-24T10:47:47 CEST" duration-ms="9082" status="PASS">
          <params>
            <param index="0">
              <value>
                <![CDATA[saurabh.d2106@gmail.com]]>
              </value>
            </param>
            <param index="1">
              <value>
                <![CDATA[Pro@1234]]>
              </value>
            </param>
            <param index="2">
              <value>
                <![CDATA[Welcome, Saurabh]]>
              </value>
            </param>
          </params>
          <reporter-output>
          </reporter-output>
        </test-method> <!-- verifyLoginWithCorrectCredentials -->
        <test-method is-config="true" signature="afterMethod(org.testng.ITestResult)[pri:0, instance:mercuryTravel.tests.MercuryTravelTestCases@7ec7ffd3]" started-at="2024-10-24T10:47:47 CEST" name="afterMethod" finished-at="2024-10-24T10:47:47 CEST" duration-ms="0" status="PASS">
          <params>
            <param index="0">
              <value>
                <![CDATA[[TestResult name=verifyLoginWithCorrectCredentials status=SUCCESS method=MercuryTravelTestCases.verifyLoginWithCorrectCredentials(java.lang.String,java.lang.String,java.lang.String)[pri:0, instance:mercuryTravel.tests.MercuryTravelTestCases@7ec7ffd3] output={null}]]]>
              </value>
            </param>
          </params>
          <reporter-output>
          </reporter-output>
        </test-method> <!-- afterMethod -->
        <test-method signature="verifyLoginWithCorrectCredentials(java.lang.String,java.lang.String,java.lang.String)[pri:0, instance:mercuryTravel.tests.MercuryTravelTestCases@7ec7ffd3]" started-at="2024-10-24T10:47:47 CEST" name="verifyLoginWithCorrectCredentials" data-provider="getUserData" finished-at="2024-10-24T10:47:59 CEST" duration-ms="12059" status="PASS">
          <params>
            <param index="0">
              <value>
                <![CDATA[saurabh.d2106@gmail.com]]>
              </value>
            </param>
            <param index="1">
              <value>
                <![CDATA[Pro@1234]]>
              </value>
            </param>
            <param index="2">
              <value>
                <![CDATA[Welcome, Saurabh]]>
              </value>
            </param>
          </params>
          <reporter-output>
          </reporter-output>
        </test-method> <!-- verifyLoginWithCorrectCredentials -->
        <test-method is-config="true" signature="afterMethod(org.testng.ITestResult)[pri:0, instance:mercuryTravel.tests.MercuryTravelTestCases@7ec7ffd3]" started-at="2024-10-24T10:47:59 CEST" name="afterMethod" finished-at="2024-10-24T10:47:59 CEST" duration-ms="0" status="PASS">
          <params>
            <param index="0">
              <value>
                <![CDATA[[TestResult name=verifyLoginWithCorrectCredentials status=SUCCESS method=MercuryTravelTestCases.verifyLoginWithCorrectCredentials(java.lang.String,java.lang.String,java.lang.String)[pri:0, instance:mercuryTravel.tests.MercuryTravelTestCases@7ec7ffd3] output={null}]]]>
              </value>
            </param>
          </params>
          <reporter-output>
          </reporter-output>
        </test-method> <!-- afterMethod -->
        <test-method is-config="true" signature="cleanUp()[pri:0, instance:mercuryTravel.tests.MercuryTravelTestCases@7ec7ffd3]" started-at="2024-10-24T10:47:59 CEST" name="cleanUp" finished-at="2024-10-24T10:47:59 CEST" duration-ms="298" status="PASS">
          <reporter-output>
          </reporter-output>
        </test-method> <!-- cleanUp -->
        <test-method is-config="true" signature="postCleanUp()[pri:0, instance:mercuryTravel.tests.MercuryTravelTestCases@7ec7ffd3]" started-at="2024-10-24T10:47:59 CEST" name="postCleanUp" finished-at="2024-10-24T10:48:00 CEST" duration-ms="551" status="PASS">
          <reporter-output>
          </reporter-output>
        </test-method> <!-- postCleanUp -->
      </class> <!-- mercuryTravel.tests.MercuryTravelTestCases -->
    </test> <!-- Regression Test -->
  </suite> <!-- Regression Test Suite -->
</testng-results>
