<?xml version="1.0" encoding="UTF-8"?>
<!-- Generated by org.testng.reporters.JUnitXMLReporter -->
<testsuite ignored="0" hostname="gnikolic" failures="0" tests="3" name="Regression Test" time="37.08" errors="0" timestamp="2024-10-24T10:47:59 CEST">
  <testcase classname="mercuryTravel.tests.MercuryTravelTestCases" name="verifyLoginWithCorrectCredentials" time="11.705"/>
  <testcase classname="mercuryTravel.tests.MercuryTravelTestCases" name="verifyLoginWithCorrectCredentials" time="9.082"/>
  <testcase classname="mercuryTravel.tests.MercuryTravelTestCases" name="verifyLoginWithCorrectCredentials" time="12.059"/>
</testsuite> <!-- Regression Test -->
